<?xml version="1.0" encoding="UTF-8"?>
<!-- Generated by org.testng.reporters.JUnitReportReporter -->
<testsuite hostname="sys" name="utilityPackage.LoginClass" tests="3" failures="0" timestamp="23 Jun 2020 07:58:08 GMT" time="66.974" errors="0">
  <testcase name="lauchApp" time="33.815" classname="utilityPackage.LoginClass"/>
  <testcase name="loginPage" time="23.576" classname="utilityPackage.LoginClass"/>
  <testcase name="switchWindow" time="9.583" classname="utilityPackage.LoginClass"/>
</testsuite> <!-- utilityPackage.LoginClass -->
